<?xml version="1.0" encoding="UTF-8"?>
<!-- Generated by org.testng.reporters.JUnitXMLReporter -->
<testsuite ignored="4" hostname="DESKTOP-9H8GI7A" failures="0" tests="3" name="Test" time="0.063" errors="0" timestamp="2024-05-07T20:19:15 IST">
  <testcase classname="testng_programs.TestNG_Grouping" name="testcase1" time="0.01"/>
  <testcase classname="testng_programs.TestNG_Grouping" name="testcase2" time="0.002"/>
  <testcase classname="testng_programs.TestNG_Grouping" name="testcase3" time="0.002"/>
  <testcase classname="testng_programs.TestNG_Grouping" name="testcase6" time="0.0">
    <ignored/>
  </testcase> <!-- testcase6 -->
  <testcase classname="testng_programs.TestNG_Grouping" name="testcase7" time="0.0">
    <ignored/>
  </testcase> <!-- testcase7 -->
  <testcase classname="testng_programs.TestNG_Grouping" name="testcase5" time="0.0">
    <ignored/>
  </testcase> <!-- testcase5 -->
  <testcase classname="testng_programs.TestNG_Grouping" name="testcase4" time="0.0">
    <ignored/>
  </testcase> <!-- testcase4 -->
</testsuite> <!-- Test -->
